PS C:\Users\v1014352\E-Pay\epay_merchant_service> gradle test --exclude '**/test/**'

FAILURE: Build failed with an exception.

* What went wrong:
Problem configuring task :test from command line.
> Unknown command-line option '--exclude'.

* Try:
> Run gradle help --task :test to get task usage details.
> Run with --stacktrace option to get the stack trace.
> Run with --info or --debug option to get more log output.
> Run with --scan to get full insights.
> Get more help at https://help.gradle.org.

BUILD FAILED in 1s
PS C:\Users\v1014352\E-Pay\epay_merchant_service> 
